2025-01-04 00:51:54,241 - INFO - Starting CUDA Test App...
2025-01-04 00:51:54,242 - INFO - Checking OpenCV directory...
2025-01-04 00:51:54,242 - INFO - OpenCV directory found.
2025-01-04 00:51:54,242 - DEBUG - Contents of /workspaces/CUDA_Test/opencv/lib/python3/Release: ['cv2.cp312-win_amd64.pyd']
2025-01-04 00:51:54,242 - DEBUG - Contents of /workspaces/CUDA_Test/opencv/lib/Release: ['opencv_shape4110.lib', 'opencv_cudaarithm4110.lib', 'opencv_cudawarping4110.exp', 'opencv_hfs4110.lib', 'opencv_xobjdetect4110.exp', 'opencv_imgcodecs4110.exp', 'opencv_signal4110.lib', 'opencv_cudacodec4110.exp', 'opencv_structured_light4110.exp', 'opencv_dpm4110.exp', 'opencv_core4110.lib', 'opencv_tracking4110.exp', 'opencv_video4110.exp', 'opencv_bioinspired4110.lib', 'opencv_calib3d4110.exp', 'opencv_mcc4110.lib', 'opencv_cudev4110.lib', 'opencv_img_hash4110.lib', 'opencv_dnn_superres4110.lib', 'opencv_bgsegm4110.lib', 'opencv_superres4110.exp', 'opencv_text4110.exp', 'opencv_stitching4110.lib', 'opencv_saliency4110.exp', 'opencv_cudawarping4110.lib', 'opencv_objdetect4110.lib', 'opencv_datasets4110.lib', 'opencv_cudafeatures2d4110.lib', 'opencv_core4110.exp', 'opencv_cudabgsegm4110.exp', 'opencv_stereo4110.lib', 'opencv_optflow4110.exp', 'opencv_line_descriptor4110.lib', 'opencv_superres4110.lib', 'opencv_features2d4110.exp', 'opencv_mcc4110.exp', 'opencv_optflow4110.lib', 'opencv_cudaimgproc4110.lib', 'opencv_objdetect4110.exp', 'opencv_intensity_transform4110.lib', 'opencv_dnn_objdetect4110.lib', 'opencv_structured_light4110.lib', 'opencv_img_hash4110.exp', 'opencv_cudastereo4110.lib', 'opencv_imgproc4110.exp', 'opencv_plot4110.exp', 'opencv_photo4110.lib', 'opencv_calib3d4110.lib', 'opencv_cudaoptflow4110.lib', 'opencv_ml4110.exp', 'opencv_videostab4110.lib', 'opencv_fuzzy4110.lib', 'opencv_ccalib4110.exp', 'opencv_cudaimgproc4110.exp', 'opencv_reg4110.lib', 'opencv_features2d4110.lib', 'opencv_quality4110.lib', 'opencv_text4110.lib', 'opencv_cudafeatures2d4110.exp', 'opencv_tracking4110.lib', 'opencv_xphoto4110.lib', 'opencv_face4110.exp', 'opencv_cudalegacy4110.lib', 'opencv_xfeatures2d4110.lib', 'opencv_imgcodecs4110.lib', 'opencv_videostab4110.exp', 'opencv_cudacodec4110.lib', 'opencv_bgsegm4110.exp', 'opencv_videoio4110.lib', 'opencv_saliency4110.lib', 'opencv_quality4110.exp', 'opencv_surface_matching4110.exp', 'opencv_xfeatures2d4110.exp', 'opencv_phase_unwrapping4110.exp', 'opencv_cudaobjdetect4110.lib', 'opencv_fuzzy4110.exp', 'opencv_ximgproc4110.lib', 'opencv_cudafilters4110.lib', 'opencv_surface_matching4110.lib', 'opencv_rgbd4110.exp', 'opencv_imgproc4110.lib', 'opencv_cudafilters4110.exp', 'opencv_rgbd4110.lib', 'opencv_cudaarithm4110.exp', 'opencv_cudaoptflow4110.exp', 'opencv_dnn4110.exp', 'opencv_bioinspired4110.exp', 'opencv_line_descriptor4110.exp', 'opencv_dpm4110.lib', 'opencv_ccalib4110.lib', 'opencv_photo4110.exp', 'opencv_stitching4110.exp', 'opencv_face4110.lib', 'opencv_wechat_qrcode4110.exp', 'opencv_wechat_qrcode4110.lib', 'opencv_dnn_superres4110.exp', 'opencv_cudev4110.exp', 'opencv_intensity_transform4110.exp', 'opencv_xobjdetect4110.lib', 'opencv_rapid4110.lib', 'opencv_rapid4110.exp', 'opencv_dnn4110.lib', 'opencv_hfs4110.exp', 'opencv_cudabgsegm4110.lib', 'opencv_phase_unwrapping4110.lib', 'opencv_gapi4110.lib', 'opencv_reg4110.exp', 'opencv_ximgproc4110.exp', 'opencv_ml4110.lib', 'opencv_python3.exp', 'opencv_highgui4110.lib', 'opencv_highgui4110.exp', 'opencv_gapi4110.exp', 'opencv_flann4110.lib', 'opencv_stereo4110.exp', 'opencv_xphoto4110.exp', 'opencv_signal4110.exp', 'opencv_flann4110.exp', 'opencv_ts4110.lib', 'opencv_videoio4110.exp', 'opencv_video4110.lib', 'opencv_datasets4110.exp', 'opencv_cudastereo4110.exp', 'opencv_dnn_objdetect4110.exp', 'opencv_plot4110.lib', 'opencv_python3.lib', 'opencv_cudaobjdetect4110.exp', 'opencv_cudalegacy4110.exp', 'opencv_aruco4110.lib', 'opencv_shape4110.exp', 'opencv_aruco4110.exp']
2025-01-04 00:51:54,243 - INFO - Added /workspaces/CUDA_Test/opencv/bin/Release to PATH
2025-01-04 00:51:54,243 - DEBUG - Current PATH: /usr/local/rvm/gems/ruby-3.3.4/bin:/usr/local/rvm/gems/ruby-3.3.4@global/bin:/usr/local/rvm/rubies/ruby-3.3.4/bin:/home/codespace/.vscode-remote/extensions/ms-python.python-2024.22.1-linux-x64/python_files/deactivate/bash:/workspaces/CUDA_Test/.venv/bin:/vscode/bin/linux-x64/fabdb6a30b49f79a7aba0f2ad9df9b399473380f/bin/remote-cli:/home/codespace/.local/bin:/home/codespace/.dotnet:/home/codespace/nvm/current/bin:/home/codespace/.php/current/bin:/home/codespace/.python/current/bin:/home/codespace/java/current/bin:/home/codespace/.ruby/current/bin:/home/codespace/.local/bin:/usr/local/python/current/bin:/usr/local/py-utils/bin:/usr/local/oryx:/usr/local/go/bin:/go/bin:/usr/local/sdkman/bin:/usr/local/sdkman/candidates/java/current/bin:/usr/local/sdkman/candidates/gradle/current/bin:/usr/local/sdkman/candidates/maven/current/bin:/usr/local/sdkman/candidates/ant/current/bin:/usr/local/rvm/gems/default/bin:/usr/local/rvm/gems/default@global/bin:/usr/local/rvm/rubies/default/bin:/usr/local/share/rbenv/bin:/usr/local/php/current/bin:/opt/conda/bin:/usr/local/nvs:/usr/local/share/nvm/versions/node/v20.18.1/bin:/usr/local/hugo/bin:/usr/local/sbin:/usr/local/bin:/usr/sbin:/usr/bin:/sbin:/bin:/usr/share/dotnet:/home/codespace/.dotnet/tools:/usr/local/rvm/bin:/workspaces/CUDA_Test/opencv/bin/Release:/workspaces/CUDA_Test/opencv/bin/Release
2025-01-04 00:51:54,243 - INFO - Added /workspaces/CUDA_Test/opencv/lib/python3/Release and /workspaces/CUDA_Test/opencv/lib/Release to sys.path
2025-01-04 00:51:54,243 - DEBUG - Current sys.path: ['/workspaces/CUDA_Test', '/home/codespace/.python/current/lib/python312.zip', '/home/codespace/.python/current/lib/python3.12', '/home/codespace/.python/current/lib/python3.12/lib-dynload', '/workspaces/CUDA_Test/.venv/lib/python3.12/site-packages', '/workspaces/CUDA_Test/opencv/lib/python3/Release', '/workspaces/CUDA_Test/opencv/lib/Release', '/workspaces/CUDA_Test/opencv/lib/python3/Release', '/workspaces/CUDA_Test/opencv/lib/Release']
2025-01-04 00:51:54,243 - INFO - /workspaces/CUDA_Test/opencv/bin/Release successfully added to PATH
2025-01-04 00:51:54,244 - INFO - /workspaces/CUDA_Test/opencv/lib/python3/Release successfully added to sys.path
2025-01-04 00:51:54,244 - INFO - /workspaces/CUDA_Test/opencv/lib/Release successfully added to sys.path
2025-01-04 00:51:54,244 - INFO - Checking necessary files for OpenCV...
2025-01-04 00:51:54,244 - DEBUG - Found necessary file: /workspaces/CUDA_Test/opencv/lib/python3/Release/cv2.cp312-win_amd64.pyd
2025-01-04 00:51:54,244 - DEBUG - Found necessary file: /workspaces/CUDA_Test/opencv/bin/Release/opencv_wechat_qrcode4110.dll
2025-01-04 00:51:54,245 - DEBUG - Found necessary file: /workspaces/CUDA_Test/opencv/bin/Release/opencv_rapid4110.dll
2025-01-04 00:51:54,245 - DEBUG - Found necessary file: /workspaces/CUDA_Test/opencv/bin/Release/opencv_xfeatures2d4110.dll
2025-01-04 00:51:54,245 - DEBUG - Found necessary file: /workspaces/CUDA_Test/opencv/bin/Release/opencv_xobjdetect4110.dll
2025-01-04 00:51:54,245 - DEBUG - Found necessary file: /workspaces/CUDA_Test/opencv/bin/Release/opencv_phase_unwrapping4110.dll
2025-01-04 00:51:54,245 - DEBUG - Found necessary file: /workspaces/CUDA_Test/opencv/bin/Release/opencv_ml4110.dll
2025-01-04 00:51:54,245 - DEBUG - Found necessary file: /workspaces/CUDA_Test/opencv/bin/Release/opencv_calib3d4110.dll
2025-01-04 00:51:54,246 - DEBUG - Found necessary file: /workspaces/CUDA_Test/opencv/bin/Release/opencv_cudaoptflow4110.dll
2025-01-04 00:51:54,246 - DEBUG - Found necessary file: /workspaces/CUDA_Test/opencv/bin/Release/opencv_ximgproc4110.dll
2025-01-04 00:51:54,246 - DEBUG - Found necessary file: /workspaces/CUDA_Test/opencv/bin/Release/opencv_cudalegacy4110.dll
2025-01-04 00:51:54,246 - DEBUG - Found necessary file: /workspaces/CUDA_Test/opencv/bin/Release/opencv_surface_matching4110.dll
2025-01-04 00:51:54,246 - DEBUG - Found necessary file: /workspaces/CUDA_Test/opencv/bin/Release/opencv_cudafeatures2d4110.dll
2025-01-04 00:51:54,246 - DEBUG - Found necessary file: /workspaces/CUDA_Test/opencv/bin/Release/opencv_cudaimgproc4110.dll
2025-01-04 00:51:54,246 - DEBUG - Found necessary file: /workspaces/CUDA_Test/opencv/bin/Release/opencv_cudabgsegm4110.dll
2025-01-04 00:51:54,246 - DEBUG - Found necessary file: /workspaces/CUDA_Test/opencv/bin/Release/opencv_video4110.dll
2025-01-04 00:51:54,246 - DEBUG - Found necessary file: /workspaces/CUDA_Test/opencv/bin/Release/opencv_cudafilters4110.dll
2025-01-04 00:51:54,247 - DEBUG - Found necessary file: /workspaces/CUDA_Test/opencv/bin/Release/opencv_dnn4110.dll
2025-01-04 00:51:54,247 - DEBUG - Found necessary file: /workspaces/CUDA_Test/opencv/bin/Release/opencv_videoio4110.dll
2025-01-04 00:51:54,247 - DEBUG - Found necessary file: /workspaces/CUDA_Test/opencv/bin/Release/opencv_bioinspired4110.dll
2025-01-04 00:51:54,247 - DEBUG - Found necessary file: /workspaces/CUDA_Test/opencv/bin/Release/opencv_stereo4110.dll
2025-01-04 00:51:54,247 - DEBUG - Found necessary file: /workspaces/CUDA_Test/opencv/bin/Release/opencv_rgbd4110.dll
2025-01-04 00:51:54,247 - DEBUG - Found necessary file: /workspaces/CUDA_Test/opencv/bin/Release/opencv_imgcodecs4110.dll
2025-01-04 00:51:54,247 - DEBUG - Found necessary file: /workspaces/CUDA_Test/opencv/bin/Release/opencv_dpm4110.dll
2025-01-04 00:51:54,247 - DEBUG - Found necessary file: /workspaces/CUDA_Test/opencv/bin/Release/opencv_objdetect4110.dll
2025-01-04 00:51:54,248 - DEBUG - Found necessary file: /workspaces/CUDA_Test/opencv/bin/Release/opencv_quality4110.dll
2025-01-04 00:51:54,248 - DEBUG - Found necessary file: /workspaces/CUDA_Test/opencv/bin/Release/opencv_plot4110.dll
2025-01-04 00:51:54,248 - DEBUG - Found necessary file: /workspaces/CUDA_Test/opencv/bin/Release/opencv_stitching4110.dll
2025-01-04 00:51:54,248 - DEBUG - Found necessary file: /workspaces/CUDA_Test/opencv/bin/Release/opencv_aruco4110.dll
2025-01-04 00:51:54,248 - DEBUG - Found necessary file: /workspaces/CUDA_Test/opencv/bin/Release/opencv_xphoto4110.dll
2025-01-04 00:51:54,248 - DEBUG - Found necessary file: /workspaces/CUDA_Test/opencv/bin/Release/opencv_cudawarping4110.dll
2025-01-04 00:51:54,248 - DEBUG - Found necessary file: /workspaces/CUDA_Test/opencv/bin/Release/opencv_line_descriptor4110.dll
2025-01-04 00:51:54,248 - DEBUG - Found necessary file: /workspaces/CUDA_Test/opencv/bin/Release/opencv_photo4110.dll
2025-01-04 00:51:54,249 - DEBUG - Found necessary file: /workspaces/CUDA_Test/opencv/bin/Release/opencv_intensity_transform4110.dll
2025-01-04 00:51:54,249 - DEBUG - Found necessary file: /workspaces/CUDA_Test/opencv/bin/Release/opencv_imgproc4110.dll
2025-01-04 00:51:54,249 - DEBUG - Found necessary file: /workspaces/CUDA_Test/opencv/bin/Release/opencv_text4110.dll
2025-01-04 00:51:54,249 - DEBUG - Found necessary file: /workspaces/CUDA_Test/opencv/bin/Release/opencv_ccalib4110.dll
2025-01-04 00:51:54,249 - DEBUG - Found necessary file: /workspaces/CUDA_Test/opencv/bin/Release/opencv_superres4110.dll
2025-01-04 00:51:54,249 - DEBUG - Found necessary file: /workspaces/CUDA_Test/opencv/bin/Release/opencv_cudaobjdetect4110.dll
2025-01-04 00:51:54,249 - DEBUG - Found necessary file: /workspaces/CUDA_Test/opencv/bin/Release/opencv_features2d4110.dll
2025-01-04 00:51:54,249 - DEBUG - Found necessary file: /workspaces/CUDA_Test/opencv/bin/Release/opencv_cudacodec4110.dll
2025-01-04 00:51:54,250 - DEBUG - Found necessary file: /workspaces/CUDA_Test/opencv/bin/Release/opencv_structured_light4110.dll
2025-01-04 00:51:54,250 - DEBUG - Found necessary file: /workspaces/CUDA_Test/opencv/bin/Release/opencv_mcc4110.dll
2025-01-04 00:51:54,250 - DEBUG - Found necessary file: /workspaces/CUDA_Test/opencv/bin/Release/opencv_flann4110.dll
2025-01-04 00:51:54,250 - DEBUG - Found necessary file: /workspaces/CUDA_Test/opencv/bin/Release/opencv_highgui4110.dll
2025-01-04 00:51:54,250 - DEBUG - Found necessary file: /workspaces/CUDA_Test/opencv/bin/Release/opencv_saliency4110.dll
2025-01-04 00:51:54,250 - DEBUG - Found necessary file: /workspaces/CUDA_Test/opencv/bin/Release/opencv_fuzzy4110.dll
2025-01-04 00:51:54,250 - DEBUG - Found necessary file: /workspaces/CUDA_Test/opencv/bin/Release/opencv_core4110.dll
2025-01-04 00:51:54,250 - DEBUG - Found necessary file: /workspaces/CUDA_Test/opencv/bin/Release/opencv_signal4110.dll
2025-01-04 00:51:54,251 - DEBUG - Found necessary file: /workspaces/CUDA_Test/opencv/bin/Release/opencv_datasets4110.dll
2025-01-04 00:51:54,251 - DEBUG - Found necessary file: /workspaces/CUDA_Test/opencv/bin/Release/opencv_reg4110.dll
2025-01-04 00:51:54,251 - DEBUG - Found necessary file: /workspaces/CUDA_Test/opencv/bin/Release/opencv_cudev4110.dll
2025-01-04 00:51:54,251 - DEBUG - Found necessary file: /workspaces/CUDA_Test/opencv/bin/Release/opencv_tracking4110.dll
2025-01-04 00:51:54,251 - DEBUG - Found necessary file: /workspaces/CUDA_Test/opencv/bin/Release/opencv_cudastereo4110.dll
2025-01-04 00:51:54,251 - DEBUG - Found necessary file: /workspaces/CUDA_Test/opencv/bin/Release/opencv_optflow4110.dll
2025-01-04 00:51:54,251 - DEBUG - Found necessary file: /workspaces/CUDA_Test/opencv/bin/Release/opencv_face4110.dll
2025-01-04 00:51:54,251 - DEBUG - Found necessary file: /workspaces/CUDA_Test/opencv/bin/Release/opencv_dnn_objdetect4110.dll
2025-01-04 00:51:54,252 - DEBUG - Found necessary file: /workspaces/CUDA_Test/opencv/bin/Release/opencv_hfs4110.dll
2025-01-04 00:51:54,252 - DEBUG - Found necessary file: /workspaces/CUDA_Test/opencv/bin/Release/opencv_img_hash4110.dll
2025-01-04 00:51:54,252 - DEBUG - Found necessary file: /workspaces/CUDA_Test/opencv/bin/Release/opencv_shape4110.dll
2025-01-04 00:51:54,252 - DEBUG - Found necessary file: /workspaces/CUDA_Test/opencv/bin/Release/opencv_cudaarithm4110.dll
2025-01-04 00:51:54,252 - DEBUG - Found necessary file: /workspaces/CUDA_Test/opencv/bin/Release/opencv_videoio_ffmpeg4110_64.dll
2025-01-04 00:51:54,252 - DEBUG - Found necessary file: /workspaces/CUDA_Test/opencv/bin/Release/opencv_gapi4110.dll
2025-01-04 00:51:54,252 - DEBUG - Found necessary file: /workspaces/CUDA_Test/opencv/bin/Release/opencv_dnn_superres4110.dll
2025-01-04 00:51:54,252 - DEBUG - Found necessary file: /workspaces/CUDA_Test/opencv/bin/Release/opencv_videostab4110.dll
2025-01-04 00:51:54,252 - DEBUG - Found necessary file: /workspaces/CUDA_Test/opencv/bin/Release/opencv_bgsegm4110.dll
2025-01-04 00:51:54,253 - ERROR - Failed to import cv2: No module named 'cv2'
2025-01-04 00:51:54,253 - ERROR - Ensure that the OpenCV library is correctly installed and the paths are set properly.
2025-01-04 19:06:45,850 - INFO - Starting CUDA Test App...
2025-01-04 19:06:45,851 - INFO - Checking OpenCV directory...
2025-01-04 19:06:45,851 - INFO - OpenCV directory found.
2025-01-04 19:06:45,851 - DEBUG - Contents of /workspaces/CUDA_Test/opencv/lib/python3/Release: ['cv2.cp312-win_amd64.pyd']
2025-01-04 19:06:45,851 - DEBUG - Contents of /workspaces/CUDA_Test/opencv/lib/Release: ['opencv_shape4110.lib', 'opencv_cudaarithm4110.lib', 'opencv_cudawarping4110.exp', 'opencv_hfs4110.lib', 'opencv_xobjdetect4110.exp', 'opencv_imgcodecs4110.exp', 'opencv_signal4110.lib', 'opencv_cudacodec4110.exp', 'opencv_structured_light4110.exp', 'opencv_dpm4110.exp', 'opencv_core4110.lib', 'opencv_tracking4110.exp', 'opencv_video4110.exp', 'opencv_bioinspired4110.lib', 'opencv_calib3d4110.exp', 'opencv_mcc4110.lib', 'opencv_cudev4110.lib', 'opencv_img_hash4110.lib', 'opencv_dnn_superres4110.lib', 'opencv_bgsegm4110.lib', 'opencv_superres4110.exp', 'opencv_text4110.exp', 'opencv_stitching4110.lib', 'opencv_saliency4110.exp', 'opencv_cudawarping4110.lib', 'opencv_objdetect4110.lib', 'opencv_datasets4110.lib', 'opencv_cudafeatures2d4110.lib', 'opencv_core4110.exp', 'opencv_cudabgsegm4110.exp', 'opencv_stereo4110.lib', 'opencv_optflow4110.exp', 'opencv_line_descriptor4110.lib', 'opencv_superres4110.lib', 'opencv_features2d4110.exp', 'opencv_mcc4110.exp', 'opencv_optflow4110.lib', 'opencv_cudaimgproc4110.lib', 'opencv_objdetect4110.exp', 'opencv_intensity_transform4110.lib', 'opencv_dnn_objdetect4110.lib', 'opencv_structured_light4110.lib', 'opencv_img_hash4110.exp', 'opencv_cudastereo4110.lib', 'opencv_imgproc4110.exp', 'opencv_plot4110.exp', 'opencv_photo4110.lib', 'opencv_calib3d4110.lib', 'opencv_cudaoptflow4110.lib', 'opencv_ml4110.exp', 'opencv_videostab4110.lib', 'opencv_fuzzy4110.lib', 'opencv_ccalib4110.exp', 'opencv_cudaimgproc4110.exp', 'opencv_reg4110.lib', 'opencv_features2d4110.lib', 'opencv_quality4110.lib', 'opencv_text4110.lib', 'opencv_cudafeatures2d4110.exp', 'opencv_tracking4110.lib', 'opencv_xphoto4110.lib', 'opencv_face4110.exp', 'opencv_cudalegacy4110.lib', 'opencv_xfeatures2d4110.lib', 'opencv_imgcodecs4110.lib', 'opencv_videostab4110.exp', 'opencv_cudacodec4110.lib', 'opencv_bgsegm4110.exp', 'opencv_videoio4110.lib', 'opencv_saliency4110.lib', 'opencv_quality4110.exp', 'opencv_surface_matching4110.exp', 'opencv_xfeatures2d4110.exp', 'opencv_phase_unwrapping4110.exp', 'opencv_cudaobjdetect4110.lib', 'opencv_fuzzy4110.exp', 'opencv_ximgproc4110.lib', 'opencv_cudafilters4110.lib', 'opencv_surface_matching4110.lib', 'opencv_rgbd4110.exp', 'opencv_imgproc4110.lib', 'opencv_cudafilters4110.exp', 'opencv_rgbd4110.lib', 'opencv_cudaarithm4110.exp', 'opencv_cudaoptflow4110.exp', 'opencv_dnn4110.exp', 'opencv_bioinspired4110.exp', 'opencv_line_descriptor4110.exp', 'opencv_dpm4110.lib', 'opencv_ccalib4110.lib', 'opencv_photo4110.exp', 'opencv_stitching4110.exp', 'opencv_face4110.lib', 'opencv_wechat_qrcode4110.exp', 'opencv_wechat_qrcode4110.lib', 'opencv_dnn_superres4110.exp', 'opencv_cudev4110.exp', 'opencv_intensity_transform4110.exp', 'opencv_xobjdetect4110.lib', 'opencv_rapid4110.lib', 'opencv_rapid4110.exp', 'opencv_dnn4110.lib', 'opencv_hfs4110.exp', 'opencv_cudabgsegm4110.lib', 'opencv_phase_unwrapping4110.lib', 'opencv_gapi4110.lib', 'opencv_reg4110.exp', 'opencv_ximgproc4110.exp', 'opencv_ml4110.lib', 'opencv_python3.exp', 'opencv_highgui4110.lib', 'opencv_highgui4110.exp', 'opencv_gapi4110.exp', 'opencv_flann4110.lib', 'opencv_stereo4110.exp', 'opencv_xphoto4110.exp', 'opencv_signal4110.exp', 'opencv_flann4110.exp', 'opencv_ts4110.lib', 'opencv_videoio4110.exp', 'opencv_video4110.lib', 'opencv_datasets4110.exp', 'opencv_cudastereo4110.exp', 'opencv_dnn_objdetect4110.exp', 'opencv_plot4110.lib', 'opencv_python3.lib', 'opencv_cudaobjdetect4110.exp', 'opencv_cudalegacy4110.exp', 'opencv_aruco4110.lib', 'opencv_shape4110.exp', 'opencv_aruco4110.exp']
2025-01-04 19:06:45,852 - INFO - Added /workspaces/CUDA_Test/opencv/bin/Release to PATH
2025-01-04 19:06:45,852 - DEBUG - Current PATH: /usr/local/rvm/gems/ruby-3.3.4/bin:/usr/local/rvm/gems/ruby-3.3.4@global/bin:/usr/local/rvm/rubies/ruby-3.3.4/bin:/home/codespace/.vscode-remote/extensions/ms-python.python-2024.22.1-linux-x64/python_files/deactivate/bash:/workspaces/CUDA_Test/.venv/bin:/vscode/bin/linux-x64/fabdb6a30b49f79a7aba0f2ad9df9b399473380f/bin/remote-cli:/home/codespace/.local/bin:/home/codespace/.dotnet:/home/codespace/nvm/current/bin:/home/codespace/.php/current/bin:/home/codespace/.python/current/bin:/home/codespace/java/current/bin:/home/codespace/.ruby/current/bin:/home/codespace/.local/bin:/usr/local/python/current/bin:/usr/local/py-utils/bin:/usr/local/oryx:/usr/local/go/bin:/go/bin:/usr/local/sdkman/bin:/usr/local/sdkman/candidates/java/current/bin:/usr/local/sdkman/candidates/gradle/current/bin:/usr/local/sdkman/candidates/maven/current/bin:/usr/local/sdkman/candidates/ant/current/bin:/usr/local/rvm/gems/default/bin:/usr/local/rvm/gems/default@global/bin:/usr/local/rvm/rubies/default/bin:/usr/local/share/rbenv/bin:/usr/local/php/current/bin:/opt/conda/bin:/usr/local/nvs:/usr/local/share/nvm/versions/node/v20.18.1/bin:/usr/local/hugo/bin:/usr/local/sbin:/usr/local/bin:/usr/sbin:/usr/bin:/sbin:/bin:/usr/share/dotnet:/home/codespace/.dotnet/tools:/usr/local/rvm/bin:/workspaces/CUDA_Test/opencv/bin/Release:/workspaces/CUDA_Test/opencv/bin/Release
2025-01-04 19:06:45,852 - INFO - Added /workspaces/CUDA_Test/opencv/lib/python3/Release and /workspaces/CUDA_Test/opencv/lib/Release to sys.path
2025-01-04 19:06:45,852 - DEBUG - Current sys.path: ['/workspaces/CUDA_Test', '/home/codespace/.python/current/lib/python312.zip', '/home/codespace/.python/current/lib/python3.12', '/home/codespace/.python/current/lib/python3.12/lib-dynload', '/workspaces/CUDA_Test/.venv/lib/python3.12/site-packages', '/workspaces/CUDA_Test/opencv/lib/python3/Release', '/workspaces/CUDA_Test/opencv/lib/Release', '/workspaces/CUDA_Test/opencv/lib/python3/Release', '/workspaces/CUDA_Test/opencv/lib/Release']
2025-01-04 19:06:45,852 - INFO - /workspaces/CUDA_Test/opencv/bin/Release successfully added to PATH
2025-01-04 19:06:45,852 - INFO - /workspaces/CUDA_Test/opencv/lib/python3/Release successfully added to sys.path
2025-01-04 19:06:45,853 - INFO - /workspaces/CUDA_Test/opencv/lib/Release successfully added to sys.path
2025-01-04 19:06:45,853 - INFO - Checking necessary files for OpenCV...
2025-01-04 19:06:45,853 - DEBUG - Found necessary file: /workspaces/CUDA_Test/opencv/lib/python3/Release/cv2.cp312-win_amd64.pyd
2025-01-04 19:06:45,853 - DEBUG - Found necessary file: /workspaces/CUDA_Test/opencv/bin/Release/opencv_wechat_qrcode4110.dll
2025-01-04 19:06:45,853 - DEBUG - Found necessary file: /workspaces/CUDA_Test/opencv/bin/Release/opencv_rapid4110.dll
2025-01-04 19:06:45,854 - DEBUG - Found necessary file: /workspaces/CUDA_Test/opencv/bin/Release/opencv_xfeatures2d4110.dll
2025-01-04 19:06:45,854 - DEBUG - Found necessary file: /workspaces/CUDA_Test/opencv/bin/Release/opencv_xobjdetect4110.dll
2025-01-04 19:06:45,854 - DEBUG - Found necessary file: /workspaces/CUDA_Test/opencv/bin/Release/opencv_phase_unwrapping4110.dll
2025-01-04 19:06:45,854 - DEBUG - Found necessary file: /workspaces/CUDA_Test/opencv/bin/Release/opencv_ml4110.dll
2025-01-04 19:06:45,854 - DEBUG - Found necessary file: /workspaces/CUDA_Test/opencv/bin/Release/opencv_calib3d4110.dll
2025-01-04 19:06:45,854 - DEBUG - Found necessary file: /workspaces/CUDA_Test/opencv/bin/Release/opencv_cudaoptflow4110.dll
2025-01-04 19:06:45,854 - DEBUG - Found necessary file: /workspaces/CUDA_Test/opencv/bin/Release/opencv_ximgproc4110.dll
2025-01-04 19:06:45,854 - DEBUG - Found necessary file: /workspaces/CUDA_Test/opencv/bin/Release/opencv_cudalegacy4110.dll
2025-01-04 19:06:45,854 - DEBUG - Found necessary file: /workspaces/CUDA_Test/opencv/bin/Release/opencv_surface_matching4110.dll
2025-01-04 19:06:45,854 - DEBUG - Found necessary file: /workspaces/CUDA_Test/opencv/bin/Release/opencv_cudafeatures2d4110.dll
2025-01-04 19:06:45,854 - DEBUG - Found necessary file: /workspaces/CUDA_Test/opencv/bin/Release/opencv_cudaimgproc4110.dll
2025-01-04 19:06:45,855 - DEBUG - Found necessary file: /workspaces/CUDA_Test/opencv/bin/Release/opencv_cudabgsegm4110.dll
2025-01-04 19:06:45,855 - DEBUG - Found necessary file: /workspaces/CUDA_Test/opencv/bin/Release/opencv_video4110.dll
2025-01-04 19:06:45,855 - DEBUG - Found necessary file: /workspaces/CUDA_Test/opencv/bin/Release/opencv_cudafilters4110.dll
2025-01-04 19:06:45,855 - DEBUG - Found necessary file: /workspaces/CUDA_Test/opencv/bin/Release/opencv_dnn4110.dll
2025-01-04 19:06:45,855 - DEBUG - Found necessary file: /workspaces/CUDA_Test/opencv/bin/Release/opencv_videoio4110.dll
2025-01-04 19:06:45,855 - DEBUG - Found necessary file: /workspaces/CUDA_Test/opencv/bin/Release/opencv_bioinspired4110.dll
2025-01-04 19:06:45,855 - DEBUG - Found necessary file: /workspaces/CUDA_Test/opencv/bin/Release/opencv_stereo4110.dll
2025-01-04 19:06:45,855 - DEBUG - Found necessary file: /workspaces/CUDA_Test/opencv/bin/Release/opencv_rgbd4110.dll
2025-01-04 19:06:45,855 - DEBUG - Found necessary file: /workspaces/CUDA_Test/opencv/bin/Release/opencv_imgcodecs4110.dll
2025-01-04 19:06:45,855 - DEBUG - Found necessary file: /workspaces/CUDA_Test/opencv/bin/Release/opencv_dpm4110.dll
2025-01-04 19:06:45,855 - DEBUG - Found necessary file: /workspaces/CUDA_Test/opencv/bin/Release/opencv_objdetect4110.dll
2025-01-04 19:06:45,855 - DEBUG - Found necessary file: /workspaces/CUDA_Test/opencv/bin/Release/opencv_quality4110.dll
2025-01-04 19:06:45,855 - DEBUG - Found necessary file: /workspaces/CUDA_Test/opencv/bin/Release/opencv_plot4110.dll
2025-01-04 19:06:45,855 - DEBUG - Found necessary file: /workspaces/CUDA_Test/opencv/bin/Release/opencv_stitching4110.dll
2025-01-04 19:06:45,856 - DEBUG - Found necessary file: /workspaces/CUDA_Test/opencv/bin/Release/opencv_aruco4110.dll
2025-01-04 19:06:45,856 - DEBUG - Found necessary file: /workspaces/CUDA_Test/opencv/bin/Release/opencv_xphoto4110.dll
2025-01-04 19:06:45,856 - DEBUG - Found necessary file: /workspaces/CUDA_Test/opencv/bin/Release/opencv_cudawarping4110.dll
2025-01-04 19:06:45,856 - DEBUG - Found necessary file: /workspaces/CUDA_Test/opencv/bin/Release/opencv_line_descriptor4110.dll
2025-01-04 19:06:45,856 - DEBUG - Found necessary file: /workspaces/CUDA_Test/opencv/bin/Release/opencv_photo4110.dll
2025-01-04 19:06:45,856 - DEBUG - Found necessary file: /workspaces/CUDA_Test/opencv/bin/Release/opencv_intensity_transform4110.dll
2025-01-04 19:06:45,856 - DEBUG - Found necessary file: /workspaces/CUDA_Test/opencv/bin/Release/opencv_imgproc4110.dll
2025-01-04 19:06:45,856 - DEBUG - Found necessary file: /workspaces/CUDA_Test/opencv/bin/Release/opencv_text4110.dll
2025-01-04 19:06:45,856 - DEBUG - Found necessary file: /workspaces/CUDA_Test/opencv/bin/Release/opencv_ccalib4110.dll
2025-01-04 19:06:45,856 - DEBUG - Found necessary file: /workspaces/CUDA_Test/opencv/bin/Release/opencv_superres4110.dll
2025-01-04 19:06:45,856 - DEBUG - Found necessary file: /workspaces/CUDA_Test/opencv/bin/Release/opencv_cudaobjdetect4110.dll
2025-01-04 19:06:45,857 - DEBUG - Found necessary file: /workspaces/CUDA_Test/opencv/bin/Release/opencv_features2d4110.dll
2025-01-04 19:06:45,857 - DEBUG - Found necessary file: /workspaces/CUDA_Test/opencv/bin/Release/opencv_cudacodec4110.dll
2025-01-04 19:06:45,857 - DEBUG - Found necessary file: /workspaces/CUDA_Test/opencv/bin/Release/opencv_structured_light4110.dll
2025-01-04 19:06:45,857 - DEBUG - Found necessary file: /workspaces/CUDA_Test/opencv/bin/Release/opencv_mcc4110.dll
2025-01-04 19:06:45,857 - DEBUG - Found necessary file: /workspaces/CUDA_Test/opencv/bin/Release/opencv_flann4110.dll
2025-01-04 19:06:45,857 - DEBUG - Found necessary file: /workspaces/CUDA_Test/opencv/bin/Release/opencv_highgui4110.dll
2025-01-04 19:06:45,857 - DEBUG - Found necessary file: /workspaces/CUDA_Test/opencv/bin/Release/opencv_saliency4110.dll
2025-01-04 19:06:45,857 - DEBUG - Found necessary file: /workspaces/CUDA_Test/opencv/bin/Release/opencv_fuzzy4110.dll
2025-01-04 19:06:45,857 - DEBUG - Found necessary file: /workspaces/CUDA_Test/opencv/bin/Release/opencv_core4110.dll
2025-01-04 19:06:45,857 - DEBUG - Found necessary file: /workspaces/CUDA_Test/opencv/bin/Release/opencv_signal4110.dll
2025-01-04 19:06:45,857 - DEBUG - Found necessary file: /workspaces/CUDA_Test/opencv/bin/Release/opencv_datasets4110.dll
2025-01-04 19:06:45,858 - DEBUG - Found necessary file: /workspaces/CUDA_Test/opencv/bin/Release/opencv_reg4110.dll
2025-01-04 19:06:45,858 - DEBUG - Found necessary file: /workspaces/CUDA_Test/opencv/bin/Release/opencv_cudev4110.dll
2025-01-04 19:06:45,858 - DEBUG - Found necessary file: /workspaces/CUDA_Test/opencv/bin/Release/opencv_tracking4110.dll
2025-01-04 19:06:45,858 - DEBUG - Found necessary file: /workspaces/CUDA_Test/opencv/bin/Release/opencv_cudastereo4110.dll
2025-01-04 19:06:45,858 - DEBUG - Found necessary file: /workspaces/CUDA_Test/opencv/bin/Release/opencv_optflow4110.dll
2025-01-04 19:06:45,858 - DEBUG - Found necessary file: /workspaces/CUDA_Test/opencv/bin/Release/opencv_face4110.dll
2025-01-04 19:06:45,858 - DEBUG - Found necessary file: /workspaces/CUDA_Test/opencv/bin/Release/opencv_dnn_objdetect4110.dll
2025-01-04 19:06:45,858 - DEBUG - Found necessary file: /workspaces/CUDA_Test/opencv/bin/Release/opencv_hfs4110.dll
2025-01-04 19:06:45,858 - DEBUG - Found necessary file: /workspaces/CUDA_Test/opencv/bin/Release/opencv_img_hash4110.dll
2025-01-04 19:06:45,858 - DEBUG - Found necessary file: /workspaces/CUDA_Test/opencv/bin/Release/opencv_shape4110.dll
2025-01-04 19:06:45,858 - DEBUG - Found necessary file: /workspaces/CUDA_Test/opencv/bin/Release/opencv_cudaarithm4110.dll
2025-01-04 19:06:45,858 - DEBUG - Found necessary file: /workspaces/CUDA_Test/opencv/bin/Release/opencv_videoio_ffmpeg4110_64.dll
2025-01-04 19:06:45,859 - DEBUG - Found necessary file: /workspaces/CUDA_Test/opencv/bin/Release/opencv_gapi4110.dll
2025-01-04 19:06:45,859 - DEBUG - Found necessary file: /workspaces/CUDA_Test/opencv/bin/Release/opencv_dnn_superres4110.dll
2025-01-04 19:06:45,859 - DEBUG - Found necessary file: /workspaces/CUDA_Test/opencv/bin/Release/opencv_videostab4110.dll
2025-01-04 19:06:45,859 - DEBUG - Found necessary file: /workspaces/CUDA_Test/opencv/bin/Release/opencv_bgsegm4110.dll
2025-01-04 19:06:45,859 - ERROR - Failed to import cv2: No module named 'cv2'
2025-01-04 19:06:45,860 - ERROR - Ensure that the OpenCV library is correctly installed and the paths are set properly.
